Determining if the pthread_create exist failed with the following output:
Change Dir: /home/bq2139/Documents/ogl/cmake-build-debug/CMakeFiles/CMakeTmp

Run Build Command:"/usr/bin/make" "cmTC_eff90/fast"
/usr/bin/make -f CMakeFiles/cmTC_eff90.dir/build.make CMakeFiles/cmTC_eff90.dir/build
make[1]: Entering directory '/home/bq2139/Documents/ogl/cmake-build-debug/CMakeFiles/CMakeTmp'
Building C object CMakeFiles/cmTC_eff90.dir/CheckSymbolExists.c.o
/usr/bin/cc    -o CMakeFiles/cmTC_eff90.dir/CheckSymbolExists.c.o   -c /home/bq2139/Documents/ogl/cmake-build-debug/CMakeFiles/CMakeTmp/CheckSymbolExists.c
Linking C executable cmTC_eff90
/home/bq2139/Documents/clion-2018.2.6/bin/cmake/linux/bin/cmake -E cmake_link_script CMakeFiles/cmTC_eff90.dir/link.txt --verbose=1
/usr/bin/cc      -rdynamic CMakeFiles/cmTC_eff90.dir/CheckSymbolExists.c.o  -o cmTC_eff90 
CMakeFiles/cmTC_eff90.dir/CheckSymbolExists.c.o: In function `main':
CheckSymbolExists.c:(.text+0x16): undefined reference to `pthread_create'
collect2: error: ld returned 1 exit status
CMakeFiles/cmTC_eff90.dir/build.make:86: recipe for target 'cmTC_eff90' failed
make[1]: *** [cmTC_eff90] Error 1
make[1]: Leaving directory '/home/bq2139/Documents/ogl/cmake-build-debug/CMakeFiles/CMakeTmp'
Makefile:121: recipe for target 'cmTC_eff90/fast' failed
make: *** [cmTC_eff90/fast] Error 2

File /home/bq2139/Documents/ogl/cmake-build-debug/CMakeFiles/CMakeTmp/CheckSymbolExists.c:
/* */
#include <pthread.h>

int main(int argc, char** argv)
{
  (void)argv;
#ifndef pthread_create
  return ((int*)(&pthread_create))[argc];
#else
  (void)argc;
  return 0;
#endif
}

Determining if the function pthread_create exists in the pthreads failed with the following output:
Change Dir: /home/bq2139/Documents/ogl/cmake-build-debug/CMakeFiles/CMakeTmp

Run Build Command:"/usr/bin/make" "cmTC_7ec84/fast"
/usr/bin/make -f CMakeFiles/cmTC_7ec84.dir/build.make CMakeFiles/cmTC_7ec84.dir/build
make[1]: Entering directory '/home/bq2139/Documents/ogl/cmake-build-debug/CMakeFiles/CMakeTmp'
Building C object CMakeFiles/cmTC_7ec84.dir/CheckFunctionExists.c.o
/usr/bin/cc   -DCHECK_FUNCTION_EXISTS=pthread_create   -o CMakeFiles/cmTC_7ec84.dir/CheckFunctionExists.c.o   -c /home/bq2139/Documents/clion-2018.2.6/bin/cmake/linux/share/cmake-3.12/Modules/CheckFunctionExists.c
Linking C executable cmTC_7ec84
/home/bq2139/Documents/clion-2018.2.6/bin/cmake/linux/bin/cmake -E cmake_link_script CMakeFiles/cmTC_7ec84.dir/link.txt --verbose=1
/usr/bin/cc  -DCHECK_FUNCTION_EXISTS=pthread_create    -rdynamic CMakeFiles/cmTC_7ec84.dir/CheckFunctionExists.c.o  -o cmTC_7ec84 -lpthreads 
/usr/bin/ld: cannot find -lpthreads
collect2: error: ld returned 1 exit status
CMakeFiles/cmTC_7ec84.dir/build.make:86: recipe for target 'cmTC_7ec84' failed
make[1]: *** [cmTC_7ec84] Error 1
make[1]: Leaving directory '/home/bq2139/Documents/ogl/cmake-build-debug/CMakeFiles/CMakeTmp'
Makefile:121: recipe for target 'cmTC_7ec84/fast' failed
make: *** [cmTC_7ec84/fast] Error 2


Performing C++ SOURCE FILE Test COMPILER_SUPPORT_Wshorten64to32 failed with the following output:
Change Dir: /home/bq2139/Documents/ogl/cmake-build-debug/CMakeFiles/CMakeTmp

Run Build Command:"/usr/bin/make" "cmTC_8e659/fast"
/usr/bin/make -f CMakeFiles/cmTC_8e659.dir/build.make CMakeFiles/cmTC_8e659.dir/build
make[1]: Entering directory '/home/bq2139/Documents/ogl/cmake-build-debug/CMakeFiles/CMakeTmp'
Building CXX object CMakeFiles/cmTC_8e659.dir/src.cxx.o
/usr/bin/c++    -std=c++03 -pedantic -Wall -Wextra -Wundef -Wcast-align -Wchar-subscripts -Wnon-virtual-dtor -Wunused-local-typedefs -Wpointer-arith -Wwrite-strings -Wformat-security -DCOMPILER_SUPPORT_Wshorten64to32 -Werror   -Wshorten-64-to-32 -o CMakeFiles/cmTC_8e659.dir/src.cxx.o -c /home/bq2139/Documents/ogl/cmake-build-debug/CMakeFiles/CMakeTmp/src.cxx
c++: error: unrecognized command line option '-Wshorten-64-to-32'
CMakeFiles/cmTC_8e659.dir/build.make:65: recipe for target 'CMakeFiles/cmTC_8e659.dir/src.cxx.o' failed
make[1]: *** [CMakeFiles/cmTC_8e659.dir/src.cxx.o] Error 1
make[1]: Leaving directory '/home/bq2139/Documents/ogl/cmake-build-debug/CMakeFiles/CMakeTmp'
Makefile:121: recipe for target 'cmTC_8e659/fast' failed
make: *** [cmTC_8e659/fast] Error 2

Source file was:
int main() { return 0; }
Performing C++ SOURCE FILE Test COMPILER_SUPPORT_Wenumconversion failed with the following output:
Change Dir: /home/bq2139/Documents/ogl/cmake-build-debug/CMakeFiles/CMakeTmp

Run Build Command:"/usr/bin/make" "cmTC_10806/fast"
/usr/bin/make -f CMakeFiles/cmTC_10806.dir/build.make CMakeFiles/cmTC_10806.dir/build
make[1]: Entering directory '/home/bq2139/Documents/ogl/cmake-build-debug/CMakeFiles/CMakeTmp'
Building CXX object CMakeFiles/cmTC_10806.dir/src.cxx.o
/usr/bin/c++    -std=c++03 -pedantic -Wall -Wextra -Wundef -Wcast-align -Wchar-subscripts -Wnon-virtual-dtor -Wunused-local-typedefs -Wpointer-arith -Wwrite-strings -Wformat-security -Wlogical-op -DCOMPILER_SUPPORT_Wenumconversion -Werror   -Wenum-conversion -o CMakeFiles/cmTC_10806.dir/src.cxx.o -c /home/bq2139/Documents/ogl/cmake-build-debug/CMakeFiles/CMakeTmp/src.cxx
c++: error: unrecognized command line option '-Wenum-conversion'; did you mean '-Wno-conversion'?
CMakeFiles/cmTC_10806.dir/build.make:65: recipe for target 'CMakeFiles/cmTC_10806.dir/src.cxx.o' failed
make[1]: *** [CMakeFiles/cmTC_10806.dir/src.cxx.o] Error 1
make[1]: Leaving directory '/home/bq2139/Documents/ogl/cmake-build-debug/CMakeFiles/CMakeTmp'
Makefile:121: recipe for target 'cmTC_10806/fast' failed
make: *** [cmTC_10806/fast] Error 2

Source file was:
int main() { return 0; }
Performing C++ SOURCE FILE Test COMPILER_SUPPORT_Wcpp11extensions failed with the following output:
Change Dir: /home/bq2139/Documents/ogl/cmake-build-debug/CMakeFiles/CMakeTmp

Run Build Command:"/usr/bin/make" "cmTC_4fbc9/fast"
/usr/bin/make -f CMakeFiles/cmTC_4fbc9.dir/build.make CMakeFiles/cmTC_4fbc9.dir/build
make[1]: Entering directory '/home/bq2139/Documents/ogl/cmake-build-debug/CMakeFiles/CMakeTmp'
Building CXX object CMakeFiles/cmTC_4fbc9.dir/src.cxx.o
/usr/bin/c++    -std=c++03 -pedantic -Wall -Wextra -Wundef -Wcast-align -Wchar-subscripts -Wnon-virtual-dtor -Wunused-local-typedefs -Wpointer-arith -Wwrite-strings -Wformat-security -Wlogical-op -DCOMPILER_SUPPORT_Wcpp11extensions -Werror   -Wc++11-extensions -o CMakeFiles/cmTC_4fbc9.dir/src.cxx.o -c /home/bq2139/Documents/ogl/cmake-build-debug/CMakeFiles/CMakeTmp/src.cxx
c++: error: unrecognized command line option '-Wc++11-extensions'; did you mean '-fms-extensions'?
CMakeFiles/cmTC_4fbc9.dir/build.make:65: recipe for target 'CMakeFiles/cmTC_4fbc9.dir/src.cxx.o' failed
make[1]: *** [CMakeFiles/cmTC_4fbc9.dir/src.cxx.o] Error 1
make[1]: Leaving directory '/home/bq2139/Documents/ogl/cmake-build-debug/CMakeFiles/CMakeTmp'
Makefile:121: recipe for target 'cmTC_4fbc9/fast' failed
make: *** [cmTC_4fbc9/fast] Error 2

Source file was:
int main() { return 0; }
Performing C++ SOURCE FILE Test COMPILER_SUPPORT_wd981 failed with the following output:
Change Dir: /home/bq2139/Documents/ogl/cmake-build-debug/CMakeFiles/CMakeTmp

Run Build Command:"/usr/bin/make" "cmTC_ac72a/fast"
/usr/bin/make -f CMakeFiles/cmTC_ac72a.dir/build.make CMakeFiles/cmTC_ac72a.dir/build
make[1]: Entering directory '/home/bq2139/Documents/ogl/cmake-build-debug/CMakeFiles/CMakeTmp'
Building CXX object CMakeFiles/cmTC_ac72a.dir/src.cxx.o
/usr/bin/c++    -std=c++03 -pedantic -Wall -Wextra -Wundef -Wcast-align -Wchar-subscripts -Wnon-virtual-dtor -Wunused-local-typedefs -Wpointer-arith -Wwrite-strings -Wformat-security -Wlogical-op -Wdouble-promotion -Wshadow -Wno-psabi -Wno-variadic-macros -Wno-long-long -fno-check-new -fno-common -fstrict-aliasing -DCOMPILER_SUPPORT_wd981 -Werror   -wd981 -o CMakeFiles/cmTC_ac72a.dir/src.cxx.o -c /home/bq2139/Documents/ogl/cmake-build-debug/CMakeFiles/CMakeTmp/src.cxx
c++: error: unrecognized command line option '-wd981'
CMakeFiles/cmTC_ac72a.dir/build.make:65: recipe for target 'CMakeFiles/cmTC_ac72a.dir/src.cxx.o' failed
make[1]: *** [CMakeFiles/cmTC_ac72a.dir/src.cxx.o] Error 1
make[1]: Leaving directory '/home/bq2139/Documents/ogl/cmake-build-debug/CMakeFiles/CMakeTmp'
Makefile:121: recipe for target 'cmTC_ac72a/fast' failed
make: *** [cmTC_ac72a/fast] Error 2

Source file was:
int main() { return 0; }
Performing C++ SOURCE FILE Test COMPILER_SUPPORT_wd2304 failed with the following output:
Change Dir: /home/bq2139/Documents/ogl/cmake-build-debug/CMakeFiles/CMakeTmp

Run Build Command:"/usr/bin/make" "cmTC_d9434/fast"
/usr/bin/make -f CMakeFiles/cmTC_d9434.dir/build.make CMakeFiles/cmTC_d9434.dir/build
make[1]: Entering directory '/home/bq2139/Documents/ogl/cmake-build-debug/CMakeFiles/CMakeTmp'
Building CXX object CMakeFiles/cmTC_d9434.dir/src.cxx.o
/usr/bin/c++    -std=c++03 -pedantic -Wall -Wextra -Wundef -Wcast-align -Wchar-subscripts -Wnon-virtual-dtor -Wunused-local-typedefs -Wpointer-arith -Wwrite-strings -Wformat-security -Wlogical-op -Wdouble-promotion -Wshadow -Wno-psabi -Wno-variadic-macros -Wno-long-long -fno-check-new -fno-common -fstrict-aliasing -DCOMPILER_SUPPORT_wd2304 -Werror   -wd2304 -o CMakeFiles/cmTC_d9434.dir/src.cxx.o -c /home/bq2139/Documents/ogl/cmake-build-debug/CMakeFiles/CMakeTmp/src.cxx
c++: error: unrecognized command line option '-wd2304'
CMakeFiles/cmTC_d9434.dir/build.make:65: recipe for target 'CMakeFiles/cmTC_d9434.dir/src.cxx.o' failed
make[1]: *** [CMakeFiles/cmTC_d9434.dir/src.cxx.o] Error 1
make[1]: Leaving directory '/home/bq2139/Documents/ogl/cmake-build-debug/CMakeFiles/CMakeTmp'
Makefile:121: recipe for target 'cmTC_d9434/fast' failed
make: *** [cmTC_d9434/fast] Error 2

Source file was:
int main() { return 0; }
Performing C++ SOURCE FILE Test COMPILER_SUPPORT_STRICTANSI failed with the following output:
Change Dir: /home/bq2139/Documents/ogl/cmake-build-debug/CMakeFiles/CMakeTmp

Run Build Command:"/usr/bin/make" "cmTC_f4403/fast"
/usr/bin/make -f CMakeFiles/cmTC_f4403.dir/build.make CMakeFiles/cmTC_f4403.dir/build
make[1]: Entering directory '/home/bq2139/Documents/ogl/cmake-build-debug/CMakeFiles/CMakeTmp'
Building CXX object CMakeFiles/cmTC_f4403.dir/src.cxx.o
/usr/bin/c++    -std=c++03 -pedantic -Wall -Wextra -Wundef -Wcast-align -Wchar-subscripts -Wnon-virtual-dtor -Wunused-local-typedefs -Wpointer-arith -Wwrite-strings -Wformat-security -Wlogical-op -Wdouble-promotion -Wshadow -Wno-psabi -Wno-variadic-macros -Wno-long-long -fno-check-new -fno-common -fstrict-aliasing -DCOMPILER_SUPPORT_STRICTANSI -Werror   -strict-ansi -o CMakeFiles/cmTC_f4403.dir/src.cxx.o -c /home/bq2139/Documents/ogl/cmake-build-debug/CMakeFiles/CMakeTmp/src.cxx
c++: error: unrecognized command line option '-strict-ansi'; did you mean '-fstrict-enums'?
CMakeFiles/cmTC_f4403.dir/build.make:65: recipe for target 'CMakeFiles/cmTC_f4403.dir/src.cxx.o' failed
make[1]: *** [CMakeFiles/cmTC_f4403.dir/src.cxx.o] Error 1
make[1]: Leaving directory '/home/bq2139/Documents/ogl/cmake-build-debug/CMakeFiles/CMakeTmp'
Makefile:121: recipe for target 'cmTC_f4403/fast' failed
make: *** [cmTC_f4403/fast] Error 2

Source file was:
int main() { return 0; }
Performing C++ SOURCE FILE Test COMPILER_SUPPORT_Qunusedarguments failed with the following output:
Change Dir: /home/bq2139/Documents/ogl/cmake-build-debug/CMakeFiles/CMakeTmp

Run Build Command:"/usr/bin/make" "cmTC_2533e/fast"
/usr/bin/make -f CMakeFiles/cmTC_2533e.dir/build.make CMakeFiles/cmTC_2533e.dir/build
make[1]: Entering directory '/home/bq2139/Documents/ogl/cmake-build-debug/CMakeFiles/CMakeTmp'
Building CXX object CMakeFiles/cmTC_2533e.dir/src.cxx.o
/usr/bin/c++    -std=c++03 -pedantic -Wall -Wextra -Wundef -Wcast-align -Wchar-subscripts -Wnon-virtual-dtor -Wunused-local-typedefs -Wpointer-arith -Wwrite-strings -Wformat-security -Wlogical-op -Wdouble-promotion -Wshadow -Wno-psabi -Wno-variadic-macros -Wno-long-long -fno-check-new -fno-common -fstrict-aliasing -DCOMPILER_SUPPORT_Qunusedarguments -Werror   -Qunused-arguments -o CMakeFiles/cmTC_2533e.dir/src.cxx.o -c /home/bq2139/Documents/ogl/cmake-build-debug/CMakeFiles/CMakeTmp/src.cxx
c++: error: unrecognized command line option '-Qunused-arguments'; did you mean '-Wunused-parameter'?
CMakeFiles/cmTC_2533e.dir/build.make:65: recipe for target 'CMakeFiles/cmTC_2533e.dir/src.cxx.o' failed
make[1]: *** [CMakeFiles/cmTC_2533e.dir/src.cxx.o] Error 1
make[1]: Leaving directory '/home/bq2139/Documents/ogl/cmake-build-debug/CMakeFiles/CMakeTmp'
Makefile:121: recipe for target 'cmTC_2533e/fast' failed
make: *** [cmTC_2533e/fast] Error 2

Source file was:
int main() { return 0; }
Determining if the Q_WS_WIN exist failed with the following output:
Change Dir: /home/bq2139/Documents/ogl/cmake-build-debug/CMakeFiles/CMakeTmp

Run Build Command:"/usr/bin/make" "cmTC_53232/fast"
/usr/bin/make -f CMakeFiles/cmTC_53232.dir/build.make CMakeFiles/cmTC_53232.dir/build
make[1]: Entering directory '/home/bq2139/Documents/ogl/cmake-build-debug/CMakeFiles/CMakeTmp'
Building CXX object CMakeFiles/cmTC_53232.dir/CheckSymbolExists.cxx.o
/usr/bin/c++   -I/usr/include/qt4  -std=c++03 -pedantic -Wall -Wextra -Wundef -Wcast-align -Wchar-subscripts -Wnon-virtual-dtor -Wunused-local-typedefs -Wpointer-arith -Wwrite-strings -Wformat-security -Wlogical-op -Wdouble-promotion -Wshadow -Wno-psabi -Wno-variadic-macros -Wno-long-long -fno-check-new -fno-common -fstrict-aliasing -ansi -O1 -g1    -o CMakeFiles/cmTC_53232.dir/CheckSymbolExists.cxx.o -c /home/bq2139/Documents/ogl/cmake-build-debug/CMakeFiles/CMakeTmp/CheckSymbolExists.cxx
/home/bq2139/Documents/ogl/cmake-build-debug/CMakeFiles/CMakeTmp/CheckSymbolExists.cxx: In function ‘int main(int, char**)’:
/home/bq2139/Documents/ogl/cmake-build-debug/CMakeFiles/CMakeTmp/CheckSymbolExists.cxx:8:19: error: ‘Q_WS_WIN’ was not declared in this scope
   return ((int*)(&Q_WS_WIN))[argc];
                   ^~~~~~~~
/home/bq2139/Documents/ogl/cmake-build-debug/CMakeFiles/CMakeTmp/CheckSymbolExists.cxx:8:19: note: suggested alternative: ‘Q_WS_X11’
   return ((int*)(&Q_WS_WIN))[argc];
                   ^~~~~~~~
                   Q_WS_X11
CMakeFiles/cmTC_53232.dir/build.make:65: recipe for target 'CMakeFiles/cmTC_53232.dir/CheckSymbolExists.cxx.o' failed
make[1]: *** [CMakeFiles/cmTC_53232.dir/CheckSymbolExists.cxx.o] Error 1
make[1]: Leaving directory '/home/bq2139/Documents/ogl/cmake-build-debug/CMakeFiles/CMakeTmp'
Makefile:121: recipe for target 'cmTC_53232/fast' failed
make: *** [cmTC_53232/fast] Error 2

File /home/bq2139/Documents/ogl/cmake-build-debug/CMakeFiles/CMakeTmp/CheckSymbolExists.cxx:
/* */
#include <QtCore/qglobal.h>

int main(int argc, char** argv)
{
  (void)argv;
#ifndef Q_WS_WIN
  return ((int*)(&Q_WS_WIN))[argc];
#else
  (void)argc;
  return 0;
#endif
}

Determining if the Q_WS_QWS exist failed with the following output:
Change Dir: /home/bq2139/Documents/ogl/cmake-build-debug/CMakeFiles/CMakeTmp

Run Build Command:"/usr/bin/make" "cmTC_14ed4/fast"
/usr/bin/make -f CMakeFiles/cmTC_14ed4.dir/build.make CMakeFiles/cmTC_14ed4.dir/build
make[1]: Entering directory '/home/bq2139/Documents/ogl/cmake-build-debug/CMakeFiles/CMakeTmp'
Building CXX object CMakeFiles/cmTC_14ed4.dir/CheckSymbolExists.cxx.o
/usr/bin/c++   -I/usr/include/qt4  -std=c++03 -pedantic -Wall -Wextra -Wundef -Wcast-align -Wchar-subscripts -Wnon-virtual-dtor -Wunused-local-typedefs -Wpointer-arith -Wwrite-strings -Wformat-security -Wlogical-op -Wdouble-promotion -Wshadow -Wno-psabi -Wno-variadic-macros -Wno-long-long -fno-check-new -fno-common -fstrict-aliasing -ansi -O1 -g1    -o CMakeFiles/cmTC_14ed4.dir/CheckSymbolExists.cxx.o -c /home/bq2139/Documents/ogl/cmake-build-debug/CMakeFiles/CMakeTmp/CheckSymbolExists.cxx
/home/bq2139/Documents/ogl/cmake-build-debug/CMakeFiles/CMakeTmp/CheckSymbolExists.cxx: In function ‘int main(int, char**)’:
/home/bq2139/Documents/ogl/cmake-build-debug/CMakeFiles/CMakeTmp/CheckSymbolExists.cxx:8:19: error: ‘Q_WS_QWS’ was not declared in this scope
   return ((int*)(&Q_WS_QWS))[argc];
                   ^~~~~~~~
/home/bq2139/Documents/ogl/cmake-build-debug/CMakeFiles/CMakeTmp/CheckSymbolExists.cxx:8:19: note: suggested alternative: ‘Q_WS_X11’
   return ((int*)(&Q_WS_QWS))[argc];
                   ^~~~~~~~
                   Q_WS_X11
CMakeFiles/cmTC_14ed4.dir/build.make:65: recipe for target 'CMakeFiles/cmTC_14ed4.dir/CheckSymbolExists.cxx.o' failed
make[1]: *** [CMakeFiles/cmTC_14ed4.dir/CheckSymbolExists.cxx.o] Error 1
make[1]: Leaving directory '/home/bq2139/Documents/ogl/cmake-build-debug/CMakeFiles/CMakeTmp'
Makefile:121: recipe for target 'cmTC_14ed4/fast' failed
make: *** [cmTC_14ed4/fast] Error 2

File /home/bq2139/Documents/ogl/cmake-build-debug/CMakeFiles/CMakeTmp/CheckSymbolExists.cxx:
/* */
#include <QtCore/qglobal.h>

int main(int argc, char** argv)
{
  (void)argv;
#ifndef Q_WS_QWS
  return ((int*)(&Q_WS_QWS))[argc];
#else
  (void)argc;
  return 0;
#endif
}

Determining if the Q_WS_MAC exist failed with the following output:
Change Dir: /home/bq2139/Documents/ogl/cmake-build-debug/CMakeFiles/CMakeTmp

Run Build Command:"/usr/bin/make" "cmTC_85c60/fast"
/usr/bin/make -f CMakeFiles/cmTC_85c60.dir/build.make CMakeFiles/cmTC_85c60.dir/build
make[1]: Entering directory '/home/bq2139/Documents/ogl/cmake-build-debug/CMakeFiles/CMakeTmp'
Building CXX object CMakeFiles/cmTC_85c60.dir/CheckSymbolExists.cxx.o
/usr/bin/c++   -I/usr/include/qt4  -std=c++03 -pedantic -Wall -Wextra -Wundef -Wcast-align -Wchar-subscripts -Wnon-virtual-dtor -Wunused-local-typedefs -Wpointer-arith -Wwrite-strings -Wformat-security -Wlogical-op -Wdouble-promotion -Wshadow -Wno-psabi -Wno-variadic-macros -Wno-long-long -fno-check-new -fno-common -fstrict-aliasing -ansi -O1 -g1    -o CMakeFiles/cmTC_85c60.dir/CheckSymbolExists.cxx.o -c /home/bq2139/Documents/ogl/cmake-build-debug/CMakeFiles/CMakeTmp/CheckSymbolExists.cxx
/home/bq2139/Documents/ogl/cmake-build-debug/CMakeFiles/CMakeTmp/CheckSymbolExists.cxx: In function ‘int main(int, char**)’:
/home/bq2139/Documents/ogl/cmake-build-debug/CMakeFiles/CMakeTmp/CheckSymbolExists.cxx:8:19: error: ‘Q_WS_MAC’ was not declared in this scope
   return ((int*)(&Q_WS_MAC))[argc];
                   ^~~~~~~~
/home/bq2139/Documents/ogl/cmake-build-debug/CMakeFiles/CMakeTmp/CheckSymbolExists.cxx:8:19: note: suggested alternative: ‘Q_WS_X11’
   return ((int*)(&Q_WS_MAC))[argc];
                   ^~~~~~~~
                   Q_WS_X11
CMakeFiles/cmTC_85c60.dir/build.make:65: recipe for target 'CMakeFiles/cmTC_85c60.dir/CheckSymbolExists.cxx.o' failed
make[1]: *** [CMakeFiles/cmTC_85c60.dir/CheckSymbolExists.cxx.o] Error 1
make[1]: Leaving directory '/home/bq2139/Documents/ogl/cmake-build-debug/CMakeFiles/CMakeTmp'
Makefile:121: recipe for target 'cmTC_85c60/fast' failed
make: *** [cmTC_85c60/fast] Error 2

File /home/bq2139/Documents/ogl/cmake-build-debug/CMakeFiles/CMakeTmp/CheckSymbolExists.cxx:
/* */
#include <QtCore/qglobal.h>

int main(int argc, char** argv)
{
  (void)argv;
#ifndef Q_WS_MAC
  return ((int*)(&Q_WS_MAC))[argc];
#else
  (void)argc;
  return 0;
#endif
}

Performing C++ SOURCE FILE Test COMPILER_SUPPORT_std=cpp03 failed with the following output:
Change Dir: /home/bq2139/Documents/ogl/cmake-build-debug/CMakeFiles/CMakeTmp

Run Build Command:"/usr/bin/make" "cmTC_43bcc/fast"
/usr/bin/make -f CMakeFiles/cmTC_43bcc.dir/build.make CMakeFiles/cmTC_43bcc.dir/build
make[1]: Entering directory '/home/bq2139/Documents/ogl/cmake-build-debug/CMakeFiles/CMakeTmp'
Building CXX object CMakeFiles/cmTC_43bcc.dir/src.cxx.o
/usr/bin/c++    -std=c++0x -03 -DCOMPILER_SUPPORT_std=cpp03   -std=c++03 -o CMakeFiles/cmTC_43bcc.dir/src.cxx.o -c /home/bq2139/Documents/ogl/cmake-build-debug/CMakeFiles/CMakeTmp/src.cxx
c++: error: unrecognized command line option '-03'
CMakeFiles/cmTC_43bcc.dir/build.make:65: recipe for target 'CMakeFiles/cmTC_43bcc.dir/src.cxx.o' failed
make[1]: *** [CMakeFiles/cmTC_43bcc.dir/src.cxx.o] Error 1
make[1]: Leaving directory '/home/bq2139/Documents/ogl/cmake-build-debug/CMakeFiles/CMakeTmp'
Makefile:121: recipe for target 'cmTC_43bcc/fast' failed
make: *** [cmTC_43bcc/fast] Error 2

Source file was:
int main() { return 0; }
